Start testing: Nov 20 03:28 Turkey Standard Time
----------------------------------------------------------
1/7 Testing: emwave_cli_smoke
1/7 Test: emwave_cli_smoke
Command: "C:/projects/emwave-c/build-imgui/Release/emwave_cli.exe" "--config" "C:/projects/emwave-c/configs/waveguide.json" "--run-steps=500"
Directory: C:/projects/emwave-c/build-imgui
"emwave_cli_smoke" start time: Nov 20 03:28 Turkey Standard Time
Output:
----------------------------------------------------------
Grid: 512x256 (0.50m x 0.25m) CFL=0.90
Sweep: 3 pts, 6.000e+09 Hz to 8.500e+09 Hz, 400 steps/pt
Run mode: fixed (500 steps)
Boundary: CPML
Probe logging: disabled
Materials: 3 rectangles, Sources: 1, Ports: 0
OpenMP enabled (32 threads)
Progress: 2/500 (0.4%)
Progress: 4/500 (0.8%)
Progress: 6/500 (1.2%)
Progress: 8/500 (1.6%)
Progress: 10/500 (2.0%)
Progress: 12/500 (2.4%)
Progress: 14/500 (2.8%)
Progress: 16/500 (3.2%)
Progress: 18/500 (3.6%)
Progress: 20/500 (4.0%)
Progress: 22/500 (4.4%)
Progress: 24/500 (4.8%)
Progress: 26/500 (5.2%)
Progress: 28/500 (5.6%)
Progress: 30/500 (6.0%)
Progress: 32/500 (6.4%)
Progress: 34/500 (6.8%)
Progress: 36/500 (7.2%)
Progress: 38/500 (7.6%)
Progress: 40/500 (8.0%)
Progress: 42/500 (8.4%)
Progress: 44/500 (8.8%)
Progress: 46/500 (9.2%)
Progress: 48/500 (9.6%)
Progress: 50/500 (10.0%)
Progress: 52/500 (10.4%)
Progress: 54/500 (10.8%)
Progress: 56/500 (11.2%)
Progress: 58/500 (11.6%)
Progress: 60/500 (12.0%)
Progress: 62/500 (12.4%)
Progress: 64/500 (12.8%)
Progress: 66/500 (13.2%)
Progress: 68/500 (13.6%)
Progress: 70/500 (14.0%)
Progress: 72/500 (14.4%)
Progress: 74/500 (14.8%)
Progress: 76/500 (15.2%)
Progress: 78/500 (15.6%)
Progress: 80/500 (16.0%)
Progress: 82/500 (16.4%)
Progress: 84/500 (16.8%)
Progress: 86/500 (17.2%)
Progress: 88/500 (17.6%)
Progress: 90/500 (18.0%)
Progress: 92/500 (18.4%)
Progress: 94/500 (18.8%)
Progress: 96/500 (19.2%)
Progress: 98/500 (19.6%)
Progress: 100/500 (20.0%)
Progress: 102/500 (20.4%)
Progress: 104/500 (20.8%)
Progress: 106/500 (21.2%)
Progress: 108/500 (21.6%)
Progress: 110/500 (22.0%)
Progress: 112/500 (22.4%)
Progress: 114/500 (22.8%)
Progress: 116/500 (23.2%)
Progress: 118/500 (23.6%)
Progress: 120/500 (24.0%)
Progress: 122/500 (24.4%)
Progress: 124/500 (24.8%)
Progress: 126/500 (25.2%)
Progress: 128/500 (25.6%)
Progress: 130/500 (26.0%)
Progress: 132/500 (26.4%)
Progress: 134/500 (26.8%)
Progress: 136/500 (27.2%)
Progress: 138/500 (27.6%)
Progress: 140/500 (28.0%)
Progress: 142/500 (28.4%)
Progress: 144/500 (28.8%)
Progress: 146/500 (29.2%)
Progress: 148/500 (29.6%)
Progress: 150/500 (30.0%)
Progress: 152/500 (30.4%)
Progress: 154/500 (30.8%)
Progress: 156/500 (31.2%)
Progress: 158/500 (31.6%)
Progress: 160/500 (32.0%)
Progress: 162/500 (32.4%)
Progress: 164/500 (32.8%)
Progress: 166/500 (33.2%)
Progress: 168/500 (33.6%)
Progress: 170/500 (34.0%)
Progress: 172/500 (34.4%)
Progress: 174/500 (34.8%)
Progress: 176/500 (35.2%)
Progress: 178/500 (35.6%)
Progress: 180/500 (36.0%)
Progress: 182/500 (36.4%)
Progress: 184/500 (36.8%)
Progress: 186/500 (37.2%)
Progress: 188/500 (37.6%)
Progress: 190/500 (38.0%)
Progress: 192/500 (38.4%)
Progress: 194/500 (38.8%)
Progress: 196/500 (39.2%)
Progress: 198/500 (39.6%)
Progress: 200/500 (40.0%)
Progress: 202/500 (40.4%)
Progress: 204/500 (40.8%)
Progress: 206/500 (41.2%)
Progress: 208/500 (41.6%)
Progress: 210/500 (42.0%)
Progress: 212/500 (42.4%)
Progress: 214/500 (42.8%)
Progress: 216/500 (43.2%)
Progress: 218/500 (43.6%)
Progress: 220/500 (44.0%)
Progress: 222/500 (44.4%)
Progress: 224/500 (44.8%)
Progress: 226/500 (45.2%)
Progress: 228/500 (45.6%)
Progress: 230/500 (46.0%)
Progress: 232/500 (46.4%)
Progress: 234/500 (46.8%)
Progress: 236/500 (47.2%)
Progress: 238/500 (47.6%)
Progress: 240/500 (48.0%)
Progress: 242/500 (48.4%)
Progress: 244/500 (48.8%)
Progress: 246/500 (49.2%)
Progress: 248/500 (49.6%)
Progress: 250/500 (50.0%)
Progress: 252/500 (50.4%)
Progress: 254/500 (50.8%)
Progress: 256/500 (51.2%)
Progress: 258/500 (51.6%)
Progress: 260/500 (52.0%)
Progress: 262/500 (52.4%)
Progress: 264/500 (52.8%)
Progress: 266/500 (53.2%)
Progress: 268/500 (53.6%)
Progress: 270/500 (54.0%)
Progress: 272/500 (54.4%)
Progress: 274/500 (54.8%)
Progress: 276/500 (55.2%)
Progress: 278/500 (55.6%)
Progress: 280/500 (56.0%)
Progress: 282/500 (56.4%)
Progress: 284/500 (56.8%)
Progress: 286/500 (57.2%)
Progress: 288/500 (57.6%)
Progress: 290/500 (58.0%)
Progress: 292/500 (58.4%)
Progress: 294/500 (58.8%)
Progress: 296/500 (59.2%)
Progress: 298/500 (59.6%)
Progress: 300/500 (60.0%)
Progress: 302/500 (60.4%)
Progress: 304/500 (60.8%)
Progress: 306/500 (61.2%)
Progress: 308/500 (61.6%)
Progress: 310/500 (62.0%)
Progress: 312/500 (62.4%)
Progress: 314/500 (62.8%)
Progress: 316/500 (63.2%)
Progress: 318/500 (63.6%)
Progress: 320/500 (64.0%)
Progress: 322/500 (64.4%)
Progress: 324/500 (64.8%)
Progress: 326/500 (65.2%)
Progress: 328/500 (65.6%)
Progress: 330/500 (66.0%)
Progress: 332/500 (66.4%)
Progress: 334/500 (66.8%)
Progress: 336/500 (67.2%)
Progress: 338/500 (67.6%)
Progress: 340/500 (68.0%)
Progress: 342/500 (68.4%)
Progress: 344/500 (68.8%)
Progress: 346/500 (69.2%)
Progress: 348/500 (69.6%)
Progress: 350/500 (70.0%)
Progress: 352/500 (70.4%)
Progress: 354/500 (70.8%)
Progress: 356/500 (71.2%)
Progress: 358/500 (71.6%)
Progress: 360/500 (72.0%)
Progress: 362/500 (72.4%)
Progress: 364/500 (72.8%)
Progress: 366/500 (73.2%)
Progress: 368/500 (73.6%)
Progress: 370/500 (74.0%)
Progress: 372/500 (74.4%)
Progress: 374/500 (74.8%)
Progress: 376/500 (75.2%)
Progress: 378/500 (75.6%)
Progress: 380/500 (76.0%)
Progress: 382/500 (76.4%)
Progress: 384/500 (76.8%)
Progress: 386/500 (77.2%)
Progress: 388/500 (77.6%)
Progress: 390/500 (78.0%)
Progress: 392/500 (78.4%)
Progress: 394/500 (78.8%)
Progress: 396/500 (79.2%)
Progress: 398/500 (79.6%)
Progress: 400/500 (80.0%)
Progress: 402/500 (80.4%)
Progress: 404/500 (80.8%)
Progress: 406/500 (81.2%)
Progress: 408/500 (81.6%)
Progress: 410/500 (82.0%)
Progress: 412/500 (82.4%)
Progress: 414/500 (82.8%)
Progress: 416/500 (83.2%)
Progress: 418/500 (83.6%)
Progress: 420/500 (84.0%)
Progress: 422/500 (84.4%)
Progress: 424/500 (84.8%)
Progress: 426/500 (85.2%)
Progress: 428/500 (85.6%)
Progress: 430/500 (86.0%)
Progress: 432/500 (86.4%)
Progress: 434/500 (86.8%)
Progress: 436/500 (87.2%)
Progress: 438/500 (87.6%)
Progress: 440/500 (88.0%)
Progress: 442/500 (88.4%)
Progress: 444/500 (88.8%)
Progress: 446/500 (89.2%)
Progress: 448/500 (89.6%)
Progress: 450/500 (90.0%)
Progress: 452/500 (90.4%)
Progress: 454/500 (90.8%)
Progress: 456/500 (91.2%)
Progress: 458/500 (91.6%)
Progress: 460/500 (92.0%)
Progress: 462/500 (92.4%)
Progress: 464/500 (92.8%)
Progress: 466/500 (93.2%)
Progress: 468/500 (93.6%)
Progress: 470/500 (94.0%)
Progress: 472/500 (94.4%)
Progress: 474/500 (94.8%)
Progress: 476/500 (95.2%)
Progress: 478/500 (95.6%)
Progress: 480/500 (96.0%)
Progress: 482/500 (96.4%)
Progress: 484/500 (96.8%)
Progress: 486/500 (97.2%)
Progress: 488/500 (97.6%)
Progress: 490/500 (98.0%)
Progress: 492/500 (98.4%)
Progress: 494/500 (98.8%)
Progress: 496/500 (99.2%)
Progress: 498/500 (99.6%)
Progress: 500/500 (100.0%)
Simulation complete.
<end of output>
Test time =   0.40 sec
----------------------------------------------------------
Test Pass Reason:
Required regular expression found. Regex=[Simulation complete]
"emwave_cli_smoke" end time: Nov 20 03:28 Turkey Standard Time
"emwave_cli_smoke" time elapsed: 00:00:00
----------------------------------------------------------

2/7 Testing: emwave_cli_sweep_smoke
2/7 Test: emwave_cli_sweep_smoke
Command: "C:/projects/emwave-c/build-imgui/Release/emwave_cli.exe" "--config" "C:/projects/emwave-c/configs/cpw_filter.json" "--run-mode=sweep"
Directory: C:/projects/emwave-c/build-imgui
"emwave_cli_sweep_smoke" start time: Nov 20 03:28 Turkey Standard Time
Output:
----------------------------------------------------------
Grid: 400x400 (0.60m x 0.60m) CFL=0.92
Sweep: 5 pts, 3.000e+09 Hz to 6.000e+09 Hz, 500 steps/pt
Run mode: sweep (500 steps/pt)
Boundary: CPML
Probe logging: disabled
Materials: 4 rectangles, Sources: 2, Ports: 0
OpenMP enabled (32 threads)
# freq_Hz,s21_mag
Progress: 2/500 (0.4%)
Progress: 4/500 (0.8%)
Progress: 6/500 (1.2%)
Progress: 8/500 (1.6%)
Progress: 10/500 (2.0%)
Progress: 12/500 (2.4%)
Progress: 14/500 (2.8%)
Progress: 16/500 (3.2%)
Progress: 18/500 (3.6%)
Progress: 20/500 (4.0%)
Progress: 22/500 (4.4%)
Progress: 24/500 (4.8%)
Progress: 26/500 (5.2%)
Progress: 28/500 (5.6%)
Progress: 30/500 (6.0%)
Progress: 32/500 (6.4%)
Progress: 34/500 (6.8%)
Progress: 36/500 (7.2%)
Progress: 38/500 (7.6%)
Progress: 40/500 (8.0%)
Progress: 42/500 (8.4%)
Progress: 44/500 (8.8%)
Progress: 46/500 (9.2%)
Progress: 48/500 (9.6%)
Progress: 50/500 (10.0%)
Progress: 52/500 (10.4%)
Progress: 54/500 (10.8%)
Progress: 56/500 (11.2%)
Progress: 58/500 (11.6%)
Progress: 60/500 (12.0%)
Progress: 62/500 (12.4%)
Progress: 64/500 (12.8%)
Progress: 66/500 (13.2%)
Progress: 68/500 (13.6%)
Progress: 70/500 (14.0%)
Progress: 72/500 (14.4%)
Progress: 74/500 (14.8%)
Progress: 76/500 (15.2%)
Progress: 78/500 (15.6%)
Progress: 80/500 (16.0%)
Progress: 82/500 (16.4%)
Progress: 84/500 (16.8%)
Progress: 86/500 (17.2%)
Progress: 88/500 (17.6%)
Progress: 90/500 (18.0%)
Progress: 92/500 (18.4%)
Progress: 94/500 (18.8%)
Progress: 96/500 (19.2%)
Progress: 98/500 (19.6%)
Progress: 100/500 (20.0%)
Progress: 102/500 (20.4%)
Progress: 104/500 (20.8%)
Progress: 106/500 (21.2%)
Progress: 108/500 (21.6%)
Progress: 110/500 (22.0%)
Progress: 112/500 (22.4%)
Progress: 114/500 (22.8%)
Progress: 116/500 (23.2%)
Progress: 118/500 (23.6%)
Progress: 120/500 (24.0%)
Progress: 122/500 (24.4%)
Progress: 124/500 (24.8%)
Progress: 126/500 (25.2%)
Progress: 128/500 (25.6%)
Progress: 130/500 (26.0%)
Progress: 132/500 (26.4%)
Progress: 134/500 (26.8%)
Progress: 136/500 (27.2%)
Progress: 138/500 (27.6%)
Progress: 140/500 (28.0%)
Progress: 142/500 (28.4%)
Progress: 144/500 (28.8%)
Progress: 146/500 (29.2%)
Progress: 148/500 (29.6%)
Progress: 150/500 (30.0%)
Progress: 152/500 (30.4%)
Progress: 154/500 (30.8%)
Progress: 156/500 (31.2%)
Progress: 158/500 (31.6%)
Progress: 160/500 (32.0%)
Progress: 162/500 (32.4%)
Progress: 164/500 (32.8%)
Progress: 166/500 (33.2%)
Progress: 168/500 (33.6%)
Progress: 170/500 (34.0%)
Progress: 172/500 (34.4%)
Progress: 174/500 (34.8%)
Progress: 176/500 (35.2%)
Progress: 178/500 (35.6%)
Progress: 180/500 (36.0%)
Progress: 182/500 (36.4%)
Progress: 184/500 (36.8%)
Progress: 186/500 (37.2%)
Progress: 188/500 (37.6%)
Progress: 190/500 (38.0%)
Progress: 192/500 (38.4%)
Progress: 194/500 (38.8%)
Progress: 196/500 (39.2%)
Progress: 198/500 (39.6%)
Progress: 200/500 (40.0%)
Progress: 202/500 (40.4%)
Progress: 204/500 (40.8%)
Progress: 206/500 (41.2%)
Progress: 208/500 (41.6%)
Progress: 210/500 (42.0%)
Progress: 212/500 (42.4%)
Progress: 214/500 (42.8%)
Progress: 216/500 (43.2%)
Progress: 218/500 (43.6%)
Progress: 220/500 (44.0%)
Progress: 222/500 (44.4%)
Progress: 224/500 (44.8%)
Progress: 226/500 (45.2%)
Progress: 228/500 (45.6%)
Progress: 230/500 (46.0%)
Progress: 232/500 (46.4%)
Progress: 234/500 (46.8%)
Progress: 236/500 (47.2%)
Progress: 238/500 (47.6%)
Progress: 240/500 (48.0%)
Progress: 242/500 (48.4%)
Progress: 244/500 (48.8%)
Progress: 246/500 (49.2%)
Progress: 248/500 (49.6%)
Progress: 250/500 (50.0%)
Progress: 252/500 (50.4%)
Progress: 254/500 (50.8%)
Progress: 256/500 (51.2%)
Progress: 258/500 (51.6%)
Progress: 260/500 (52.0%)
Progress: 262/500 (52.4%)
Progress: 264/500 (52.8%)
Progress: 266/500 (53.2%)
Progress: 268/500 (53.6%)
Progress: 270/500 (54.0%)
Progress: 272/500 (54.4%)
Progress: 274/500 (54.8%)
Progress: 276/500 (55.2%)
Progress: 278/500 (55.6%)
Progress: 280/500 (56.0%)
Progress: 282/500 (56.4%)
Progress: 284/500 (56.8%)
Progress: 286/500 (57.2%)
Progress: 288/500 (57.6%)
Progress: 290/500 (58.0%)
Progress: 292/500 (58.4%)
Progress: 294/500 (58.8%)
Progress: 296/500 (59.2%)
Progress: 298/500 (59.6%)
Progress: 300/500 (60.0%)
Progress: 302/500 (60.4%)
Progress: 304/500 (60.8%)
Progress: 306/500 (61.2%)
Progress: 308/500 (61.6%)
Progress: 310/500 (62.0%)
Progress: 312/500 (62.4%)
Progress: 314/500 (62.8%)
Progress: 316/500 (63.2%)
Progress: 318/500 (63.6%)
Progress: 320/500 (64.0%)
Progress: 322/500 (64.4%)
Progress: 324/500 (64.8%)
Progress: 326/500 (65.2%)
Progress: 328/500 (65.6%)
Progress: 330/500 (66.0%)
Progress: 332/500 (66.4%)
Progress: 334/500 (66.8%)
Progress: 336/500 (67.2%)
Progress: 338/500 (67.6%)
Progress: 340/500 (68.0%)
Progress: 342/500 (68.4%)
Progress: 344/500 (68.8%)
Progress: 346/500 (69.2%)
Progress: 348/500 (69.6%)
Progress: 350/500 (70.0%)
Progress: 352/500 (70.4%)
Progress: 354/500 (70.8%)
Progress: 356/500 (71.2%)
Progress: 358/500 (71.6%)
Progress: 360/500 (72.0%)
Progress: 362/500 (72.4%)
Progress: 364/500 (72.8%)
Progress: 366/500 (73.2%)
Progress: 368/500 (73.6%)
Progress: 370/500 (74.0%)
Progress: 372/500 (74.4%)
Progress: 374/500 (74.8%)
Progress: 376/500 (75.2%)
Progress: 378/500 (75.6%)
Progress: 380/500 (76.0%)
Progress: 382/500 (76.4%)
Progress: 384/500 (76.8%)
Progress: 386/500 (77.2%)
Progress: 388/500 (77.6%)
Progress: 390/500 (78.0%)
Progress: 392/500 (78.4%)
Progress: 394/500 (78.8%)
Progress: 396/500 (79.2%)
Progress: 398/500 (79.6%)
Progress: 400/500 (80.0%)
Progress: 402/500 (80.4%)
Progress: 404/500 (80.8%)
Progress: 406/500 (81.2%)
Progress: 408/500 (81.6%)
Progress: 410/500 (82.0%)
Progress: 412/500 (82.4%)
Progress: 414/500 (82.8%)
Progress: 416/500 (83.2%)
Progress: 418/500 (83.6%)
Progress: 420/500 (84.0%)
Progress: 422/500 (84.4%)
Progress: 424/500 (84.8%)
Progress: 426/500 (85.2%)
Progress: 428/500 (85.6%)
Progress: 430/500 (86.0%)
Progress: 432/500 (86.4%)
Progress: 434/500 (86.8%)
Progress: 436/500 (87.2%)
Progress: 438/500 (87.6%)
Progress: 440/500 (88.0%)
Progress: 442/500 (88.4%)
Progress: 444/500 (88.8%)
Progress: 446/500 (89.2%)
Progress: 448/500 (89.6%)
Progress: 450/500 (90.0%)
Progress: 452/500 (90.4%)
Progress: 454/500 (90.8%)
Progress: 456/500 (91.2%)
Progress: 458/500 (91.6%)
Progress: 460/500 (92.0%)
Progress: 462/500 (92.4%)
Progress: 464/500 (92.8%)
Progress: 466/500 (93.2%)
Progress: 468/500 (93.6%)
Progress: 470/500 (94.0%)
Progress: 472/500 (94.4%)
Progress: 474/500 (94.8%)
Progress: 476/500 (95.2%)
Progress: 478/500 (95.6%)
Progress: 480/500 (96.0%)
Progress: 482/500 (96.4%)
Progress: 484/500 (96.8%)
Progress: 486/500 (97.2%)
Progress: 488/500 (97.6%)
Progress: 490/500 (98.0%)
Progress: 492/500 (98.4%)
Progress: 494/500 (98.8%)
Progress: 496/500 (99.2%)
Progress: 498/500 (99.6%)
Progress: 500/500 (100.0%)
3.000000000e+09,0.000000e+00
Progress: 2/500 (0.4%)
Progress: 4/500 (0.8%)
Progress: 6/500 (1.2%)
Progress: 8/500 (1.6%)
Progress: 10/500 (2.0%)
Progress: 12/500 (2.4%)
Progress: 14/500 (2.8%)
Progress: 16/500 (3.2%)
Progress: 18/500 (3.6%)
Progress: 20/500 (4.0%)
Progress: 22/500 (4.4%)
Progress: 24/500 (4.8%)
Progress: 26/500 (5.2%)
Progress: 28/500 (5.6%)
Progress: 30/500 (6.0%)
Progress: 32/500 (6.4%)
Progress: 34/500 (6.8%)
Progress: 36/500 (7.2%)
Progress: 38/500 (7.6%)
Progress: 40/500 (8.0%)
Progress: 42/500 (8.4%)
Progress: 44/500 (8.8%)
Progress: 46/500 (9.2%)
Progress: 48/500 (9.6%)
Progress: 50/500 (10.0%)
Progress: 52/500 (10.4%)
Progress: 54/500 (10.8%)
Progress: 56/500 (11.2%)
Progress: 58/500 (11.6%)
Progress: 60/500 (12.0%)
Progress: 62/500 (12.4%)
Progress: 64/500 (12.8%)
Progress: 66/500 (13.2%)
Progress: 68/500 (13.6%)
Progress: 70/500 (14.0%)
Progress: 72/500 (14.4%)
Progress: 74/500 (14.8%)
Progress: 76/500 (15.2%)
Progress: 78/500 (15.6%)
Progress: 80/500 (16.0%)
Progress: 82/500 (16.4%)
Progress: 84/500 (16.8%)
Progress: 86/500 (17.2%)
Progress: 88/500 (17.6%)
Progress: 90/500 (18.0%)
Progress: 92/500 (18.4%)
Progress: 94/500 (18.8%)
Progress: 96/500 (19.2%)
Progress: 98/500 (19.6%)
Progress: 100/500 (20.0%)
Progress: 102/500 (20.4%)
Progress: 104/500 (20.8%)
Progress: 106/500 (21.2%)
Progress: 108/500 (21.6%)
Progress: 110/500 (22.0%)
Progress: 112/500 (22.4%)
Progress: 114/500 (22.8%)
Progress: 116/500 (23.2%)
Progress: 118/500 (23.6%)
Progress: 120/500 (24.0%)
Progress: 122/500 (24.4%)
Progress: 124/500 (24.8%)
Progress: 126/500 (25.2%)
Progress: 128/500 (25.6%)
Progress: 130/500 (26.0%)
Progress: 132/500 (26.4%)
Progress: 134/500 (26.8%)
Progress: 136/500 (27.2%)
Progress: 138/500 (27.6%)
Progress: 140/500 (28.0%)
Progress: 142/500 (28.4%)
Progress: 144/500 (28.8%)
Progress: 146/500 (29.2%)
Progress: 148/500 (29.6%)
Progress: 150/500 (30.0%)
Progress: 152/500 (30.4%)
Progress: 154/500 (30.8%)
Progress: 156/500 (31.2%)
Progress: 158/500 (31.6%)
Progress: 160/500 (32.0%)
Progress: 162/500 (32.4%)
Progress: 164/500 (32.8%)
Progress: 166/500 (33.2%)
Progress: 168/500 (33.6%)
Progress: 170/500 (34.0%)
Progress: 172/500 (34.4%)
Progress: 174/500 (34.8%)
Progress: 176/500 (35.2%)
Progress: 178/500 (35.6%)
Progress: 180/500 (36.0%)
Progress: 182/500 (36.4%)
Progress: 184/500 (36.8%)
Progress: 186/500 (37.2%)
Progress: 188/500 (37.6%)
Progress: 190/500 (38.0%)
Progress: 192/500 (38.4%)
Progress: 194/500 (38.8%)
Progress: 196/500 (39.2%)
Progress: 198/500 (39.6%)
Progress: 200/500 (40.0%)
Progress: 202/500 (40.4%)
Progress: 204/500 (40.8%)
Progress: 206/500 (41.2%)
Progress: 208/500 (41.6%)
Progress: 210/500 (42.0%)
Progress: 212/500 (42.4%)
Progress: 214/500 (42.8%)
Progress: 216/500 (43.2%)
Progress: 218/500 (43.6%)
Progress: 220/500 (44.0%)
Progress: 222/500 (44.4%)
Progress: 224/500 (44.8%)
Progress: 226/500 (45.2%)
Progress: 228/500 (45.6%)
Progress: 230/500 (46.0%)
Progress: 232/500 (46.4%)
Progress: 234/500 (46.8%)
Progress: 236/500 (47.2%)
Progress: 238/500 (47.6%)
Progress: 240/500 (48.0%)
Progress: 242/500 (48.4%)
Progress: 244/500 (48.8%)
Progress: 246/500 (49.2%)
Progress: 248/500 (49.6%)
Progress: 250/500 (50.0%)
Progress: 252/500 (50.4%)
Progress: 254/500 (50.8%)
Progress: 256/500 (51.2%)
Progress: 258/500 (51.6%)
Progress: 260/500 (52.0%)
Progress: 262/500 (52.4%)
Progress: 264/500 (52.8%)
Progress: 266/500 (53.2%)
Progress: 268/500 (53.6%)
Progress: 270/500 (54.0%)
Progress: 272/500 (54.4%)
Progress: 274/500 (54.8%)
Progress: 276/500 (55.2%)
Progress: 278/500 (55.6%)
Progress: 280/500 (56.0%)
Progress: 282/500 (56.4%)
Progress: 284/500 (56.8%)
Progress: 286/500 (57.2%)
Progress: 288/500 (57.6%)
Progress: 290/500 (58.0%)
Progress: 292/500 (58.4%)
Progress: 294/500 (58.8%)
Progress: 296/500 (59.2%)
Progress: 298/500 (59.6%)
Progress: 300/500 (60.0%)
Progress: 302/500 (60.4%)
Progress: 304/500 (60.8%)
Progress: 306/500 (61.2%)
Progress: 308/500 (61.6%)
Progress: 310/500 (62.0%)
Progress: 312/500 (62.4%)
Progress: 314/500 (62.8%)
Progress: 316/500 (63.2%)
Progress: 318/500 (63.6%)
Progress: 320/500 (64.0%)
Progress: 322/500 (64.4%)
Progress: 324/500 (64.8%)
Progress: 326/500 (65.2%)
Progress: 328/500 (65.6%)
Progress: 330/500 (66.0%)
Progress: 332/500 (66.4%)
Progress: 334/500 (66.8%)
Progress: 336/500 (67.2%)
Progress: 338/500 (67.6%)
Progress: 340/500 (68.0%)
Progress: 342/500 (68.4%)
Progress: 344/500 (68.8%)
Progress: 346/500 (69.2%)
Progress: 348/500 (69.6%)
Progress: 350/500 (70.0%)
Progress: 352/500 (70.4%)
Progress: 354/500 (70.8%)
Progress: 356/500 (71.2%)
Progress: 358/500 (71.6%)
Progress: 360/500 (72.0%)
Progress: 362/500 (72.4%)
Progress: 364/500 (72.8%)
Progress: 366/500 (73.2%)
Progress: 368/500 (73.6%)
Progress: 370/500 (74.0%)
Progress: 372/500 (74.4%)
Progress: 374/500 (74.8%)
Progress: 376/500 (75.2%)
Progress: 378/500 (75.6%)
Progress: 380/500 (76.0%)
Progress: 382/500 (76.4%)
Progress: 384/500 (76.8%)
Progress: 386/500 (77.2%)
Progress: 388/500 (77.6%)
Progress: 390/500 (78.0%)
Progress: 392/500 (78.4%)
Progress: 394/500 (78.8%)
Progress: 396/500 (79.2%)
Progress: 398/500 (79.6%)
Progress: 400/500 (80.0%)
Progress: 402/500 (80.4%)
Progress: 404/500 (80.8%)
Progress: 406/500 (81.2%)
Progress: 408/500 (81.6%)
Progress: 410/500 (82.0%)
Progress: 412/500 (82.4%)
Progress: 414/500 (82.8%)
Progress: 416/500 (83.2%)
Progress: 418/500 (83.6%)
Progress: 420/500 (84.0%)
Progress: 422/500 (84.4%)
Progress: 424/500 (84.8%)
Progress: 426/500 (85.2%)
Progress: 428/500 (85.6%)
Progress: 430/500 (86.0%)
Progress: 432/500 (86.4%)
Progress: 434/500 (86.8%)
Progress: 436/500 (87.2%)
Progress: 438/500 (87.6%)
Progress: 440/500 (88.0%)
Progress: 442/500 (88.4%)
Progress: 444/500 (88.8%)
Progress: 446/500 (89.2%)
Progress: 448/500 (89.6%)
Progress: 450/500 (90.0%)
Progress: 452/500 (90.4%)
Progress: 454/500 (90.8%)
Progress: 456/500 (91.2%)
Progress: 458/500 (91.6%)
Progress: 460/500 (92.0%)
Progress: 462/500 (92.4%)
Progress: 464/500 (92.8%)
Progress: 466/500 (93.2%)
Progress: 468/500 (93.6%)
Progress: 470/500 (94.0%)
Progress: 472/500 (94.4%)
Progress: 474/500 (94.8%)
Progress: 476/500 (95.2%)
Progress: 478/500 (95.6%)
Progress: 480/500 (96.0%)
Progress: 482/500 (96.4%)
Progress: 484/500 (96.8%)
Progress: 486/500 (97.2%)
Progress: 488/500 (97.6%)
Progress: 490/500 (98.0%)
Progress: 492/500 (98.4%)
Progress: 494/500 (98.8%)
Progress: 496/500 (99.2%)
Progress: 498/500 (99.6%)
Progress: 500/500 (100.0%)
3.750000000e+09,0.000000e+00
Progress: 2/500 (0.4%)
Progress: 4/500 (0.8%)
Progress: 6/500 (1.2%)
Progress: 8/500 (1.6%)
Progress: 10/500 (2.0%)
Progress: 12/500 (2.4%)
Progress: 14/500 (2.8%)
Progress: 16/500 (3.2%)
Progress: 18/500 (3.6%)
Progress: 20/500 (4.0%)
Progress: 22/500 (4.4%)
Progress: 24/500 (4.8%)
Progress: 26/500 (5.2%)
Progress: 28/500 (5.6%)
Progress: 30/500 (6.0%)
Progress: 32/500 (6.4%)
Progress: 34/500 (6.8%)
Progress: 36/500 (7.2%)
Progress: 38/500 (7.6%)
Progress: 40/500 (8.0%)
Progress: 42/500 (8.4%)
Progress: 44/500 (8.8%)
Progress: 46/500 (9.2%)
Progress: 48/500 (9.6%)
Progress: 50/500 (10.0%)
Progress: 52/500 (10.4%)
Progress: 54/500 (10.8%)
Progress: 56/500 (11.2%)
Progress: 58/500 (11.6%)
Progress: 60/500 (12.0%)
Progress: 62/500 (12.4%)
Progress: 64/500 (12.8%)
Progress: 66/500 (13.2%)
Progress: 68/500 (13.6%)
Progress: 70/500 (14.0%)
Progress: 72/500 (14.4%)
Progress: 74/500 (14.8%)
Progress: 76/500 (15.2%)
Progress: 78/500 (15.6%)
Progress: 80/500 (16.0%)
Progress: 82/500 (16.4%)
Progress: 84/500 (16.8%)
Progress: 86/500 (17.2%)
Progress: 88/500 (17.6%)
Progress: 90/500 (18.0%)
Progress: 92/500 (18.4%)
Progress: 94/500 (18.8%)
Progress: 96/500 (19.2%)
Progress: 98/500 (19.6%)
Progress: 100/500 (20.0%)
Progress: 102/500 (20.4%)
Progress: 104/500 (20.8%)
Progress: 106/500 (21.2%)
Progress: 108/500 (21.6%)
Progress: 110/500 (22.0%)
Progress: 112/500 (22.4%)
Progress: 114/500 (22.8%)
Progress: 116/500 (23.2%)
Progress: 118/500 (23.6%)
Progress: 120/500 (24.0%)
Progress: 122/500 (24.4%)
Progress: 124/500 (24.8%)
Progress: 126/500 (25.2%)
Progress: 128/500 (25.6%)
Progress: 130/500 (26.0%)
Progress: 132/500 (26.4%)
Progress: 134/500 (26.8%)
Progress: 136/500 (27.2%)
Progress: 138/500 (27.6%)
Progress: 140/500 (28.0%)
Progress: 142/500 (28.4%)
Progress: 144/500 (28.8%)
Progress: 146/500 (29.2%)
Progress: 148/500 (29.6%)
Progress: 150/500 (30.0%)
Progress: 152/500 (30.4%)
Progress: 154/500 (30.8%)
Progress: 156/500 (31.2%)
Progress: 158/500 (31.6%)
Progress: 160/500 (32.0%)
Progress: 162/500 (32.4%)
Progress: 164/500 (32.8%)
Progress: 166/500 (33.2%)
Progress: 168/500 (33.6%)
Progress: 170/500 (34.0%)
Progress: 172/500 (34.4%)
Progress: 174/500 (34.8%)
Progress: 176/500 (35.2%)
Progress: 178/500 (35.6%)
Progress: 180/500 (36.0%)
Progress: 182/500 (36.4%)
Progress: 184/500 (36.8%)
Progress: 186/500 (37.2%)
Progress: 188/500 (37.6%)
Progress: 190/500 (38.0%)
Progress: 192/500 (38.4%)
Progress: 194/500 (38.8%)
Progress: 196/500 (39.2%)
Progress: 198/500 (39.6%)
Progress: 200/500 (40.0%)
Progress: 202/500 (40.4%)
Progress: 204/500 (40.8%)
Progress: 206/500 (41.2%)
Progress: 208/500 (41.6%)
Progress: 210/500 (42.0%)
Progress: 212/500 (42.4%)
Progress: 214/500 (42.8%)
Progress: 216/500 (43.2%)
Progress: 218/500 (43.6%)
Progress: 220/500 (44.0%)
Progress: 222/500 (44.4%)
Progress: 224/500 (44.8%)
Progress: 226/500 (45.2%)
Progress: 228/500 (45.6%)
Progress: 230/500 (46.0%)
Progress: 232/500 (46.4%)
Progress: 234/500 (46.8%)
Progress: 236/500 (47.2%)
Progress: 238/500 (47.6%)
Progress: 240/500 (48.0%)
Progress: 242/500 (48.4%)
Progress: 244/500 (48.8%)
Progress: 246/500 (49.2%)
Progress: 248/500 (49.6%)
Progress: 250/500 (50.0%)
Progress: 252/500 (50.4%)
Progress: 254/500 (50.8%)
Progress: 256/500 (51.2%)
Progress: 258/500 (51.6%)
Progress: 260/500 (52.0%)
Progress: 262/500 (52.4%)
Progress: 264/500 (52.8%)
Progress: 266/500 (53.2%)
Progress: 268/500 (53.6%)
Progress: 270/500 (54.0%)
Progress: 272/500 (54.4%)
Progress: 274/500 (54.8%)
Progress: 276/500 (55.2%)
Progress: 278/500 (55.6%)
Progress: 280/500 (56.0%)
Progress: 282/500 (56.4%)
Progress: 284/500 (56.8%)
Progress: 286/500 (57.2%)
Progress: 288/500 (57.6%)
Progress: 290/500 (58.0%)
Progress: 292/500 (58.4%)
Progress: 294/500 (58.8%)
Progress: 296/500 (59.2%)
Progress: 298/500 (59.6%)
Progress: 300/500 (60.0%)
Progress: 302/500 (60.4%)
Progress: 304/500 (60.8%)
Progress: 306/500 (61.2%)
Progress: 308/500 (61.6%)
Progress: 310/500 (62.0%)
Progress: 312/500 (62.4%)
Progress: 314/500 (62.8%)
Progress: 316/500 (63.2%)
Progress: 318/500 (63.6%)
Progress: 320/500 (64.0%)
Progress: 322/500 (64.4%)
Progress: 324/500 (64.8%)
Progress: 326/500 (65.2%)
Progress: 328/500 (65.6%)
Progress: 330/500 (66.0%)
Progress: 332/500 (66.4%)
Progress: 334/500 (66.8%)
Progress: 336/500 (67.2%)
Progress: 338/500 (67.6%)
Progress: 340/500 (68.0%)
Progress: 342/500 (68.4%)
Progress: 344/500 (68.8%)
Progress: 346/500 (69.2%)
Progress: 348/500 (69.6%)
Progress: 350/500 (70.0%)
Progress: 352/500 (70.4%)
Progress: 354/500 (70.8%)
Progress: 356/500 (71.2%)
Progress: 358/500 (71.6%)
Progress: 360/500 (72.0%)
Progress: 362/500 (72.4%)
Progress: 364/500 (72.8%)
Progress: 366/500 (73.2%)
Progress: 368/500 (73.6%)
Progress: 370/500 (74.0%)
Progress: 372/500 (74.4%)
Progress: 374/500 (74.8%)
Progress: 376/500 (75.2%)
Progress: 378/500 (75.6%)
Progress: 380/500 (76.0%)
Progress: 382/500 (76.4%)
Progress: 384/500 (76.8%)
Progress: 386/500 (77.2%)
Progress: 388/500 (77.6%)
Progress: 390/500 (78.0%)
Progress: 392/500 (78.4%)
Progress: 394/500 (78.8%)
Progress: 396/500 (79.2%)
Progress: 398/500 (79.6%)
Progress: 400/500 (80.0%)
Progress: 402/500 (80.4%)
Progress: 404/500 (80.8%)
Progress: 406/500 (81.2%)
Progress: 408/500 (81.6%)
Progress: 410/500 (82.0%)
Progress: 412/500 (82.4%)
Progress: 414/500 (82.8%)
Progress: 416/500 (83.2%)
Progress: 418/500 (83.6%)
Progress: 420/500 (84.0%)
Progress: 422/500 (84.4%)
Progress: 424/500 (84.8%)
Progress: 426/500 (85.2%)
Progress: 428/500 (85.6%)
Progress: 430/500 (86.0%)
Progress: 432/500 (86.4%)
Progress: 434/500 (86.8%)
Progress: 436/500 (87.2%)
Progress: 438/500 (87.6%)
Progress: 440/500 (88.0%)
Progress: 442/500 (88.4%)
Progress: 444/500 (88.8%)
Progress: 446/500 (89.2%)
Progress: 448/500 (89.6%)
Progress: 450/500 (90.0%)
Progress: 452/500 (90.4%)
Progress: 454/500 (90.8%)
Progress: 456/500 (91.2%)
Progress: 458/500 (91.6%)
Progress: 460/500 (92.0%)
Progress: 462/500 (92.4%)
Progress: 464/500 (92.8%)
Progress: 466/500 (93.2%)
Progress: 468/500 (93.6%)
Progress: 470/500 (94.0%)
Progress: 472/500 (94.4%)
Progress: 474/500 (94.8%)
Progress: 476/500 (95.2%)
Progress: 478/500 (95.6%)
Progress: 480/500 (96.0%)
Progress: 482/500 (96.4%)
Progress: 484/500 (96.8%)
Progress: 486/500 (97.2%)
Progress: 488/500 (97.6%)
Progress: 490/500 (98.0%)
Progress: 492/500 (98.4%)
Progress: 494/500 (98.8%)
Progress: 496/500 (99.2%)
Progress: 498/500 (99.6%)
Progress: 500/500 (100.0%)
4.500000000e+09,0.000000e+00
Progress: 2/500 (0.4%)
Progress: 4/500 (0.8%)
Progress: 6/500 (1.2%)
Progress: 8/500 (1.6%)
Progress: 10/500 (2.0%)
Progress: 12/500 (2.4%)
Progress: 14/500 (2.8%)
Progress: 16/500 (3.2%)
Progress: 18/500 (3.6%)
Progress: 20/500 (4.0%)
Progress: 22/500 (4.4%)
Progress: 24/500 (4.8%)
Progress: 26/500 (5.2%)
Progress: 28/500 (5.6%)
Progress: 30/500 (6.0%)
Progress: 32/500 (6.4%)
Progress: 34/500 (6.8%)
Progress: 36/500 (7.2%)
Progress: 38/500 (7.6%)
Progress: 40/500 (8.0%)
Progress: 42/500 (8.4%)
Progress: 44/500 (8.8%)
Progress: 46/500 (9.2%)
Progress: 48/500 (9.6%)
Progress: 50/500 (10.0%)
Progress: 52/500 (10.4%)
Progress: 54/500 (10.8%)
Progress: 56/500 (11.2%)
Progress: 58/500 (11.6%)
Progress: 60/500 (12.0%)
Progress: 62/500 (12.4%)
Progress: 64/500 (12.8%)
Progress: 66/500 (13.2%)
Progress: 68/500 (13.6%)
Progress: 70/500 (14.0%)
Progress: 72/500 (14.4%)
Progress: 74/500 (14.8%)
Progress: 76/500 (15.2%)
Progress: 78/500 (15.6%)
Progress: 80/500 (16.0%)
Progress: 82/500 (16.4%)
Progress: 84/500 (16.8%)
Progress: 86/500 (17.2%)
Progress: 88/500 (17.6%)
Progress: 90/500 (18.0%)
Progress: 92/500 (18.4%)
Progress: 94/500 (18.8%)
Progress: 96/500 (19.2%)
Progress: 98/500 (19.6%)
Progress: 100/500 (20.0%)
Progress: 102/500 (20.4%)
Progress: 104/500 (20.8%)
Progress: 106/500 (21.2%)
Progress: 108/500 (21.6%)
Progress: 110/500 (22.0%)
Progress: 112/500 (22.4%)
Progress: 114/500 (22.8%)
Progress: 116/500 (23.2%)
Progress: 118/500 (23.6%)
Progress: 120/500 (24.0%)
Progress: 122/500 (24.4%)
Progress: 124/500 (24.8%)
Progress: 126/500 (25.2%)
Progress: 128/500 (25.6%)
Progress: 130/500 (26.0%)
Progress: 132/500 (26.4%)
Progress: 134/500 (26.8%)
Progress: 136/500 (27.2%)
Progress: 138/500 (27.6%)
Progress: 140/500 (28.0%)
Progress: 142/500 (28.4%)
Progress: 144/500 (28.8%)
Progress: 146/500 (29.2%)
Progress: 148/500 (29.6%)
Progress: 150/500 (30.0%)
Progress: 152/500 (30.4%)
Progress: 154/500 (30.8%)
Progress: 156/500 (31.2%)
Progress: 158/500 (31.6%)
Progress: 160/500 (32.0%)
Progress: 162/500 (32.4%)
Progress: 164/500 (32.8%)
Progress: 166/500 (33.2%)
Progress: 168/500 (33.6%)
Progress: 170/500 (34.0%)
Progress: 172/500 (34.4%)
Progress: 174/500 (34.8%)
Progress: 176/500 (35.2%)
Progress: 178/500 (35.6%)
Progress: 180/500 (36.0%)
Progress: 182/500 (36.4%)
Progress: 184/500 (36.8%)
Progress: 186/500 (37.2%)
Progress: 188/500 (37.6%)
Progress: 190/500 (38.0%)
Progress: 192/500 (38.4%)
Progress: 194/500 (38.8%)
Progress: 196/500 (39.2%)
Progress: 198/500 (39.6%)
Progress: 200/500 (40.0%)
Progress: 202/500 (40.4%)
Progress: 204/500 (40.8%)
Progress: 206/500 (41.2%)
Progress: 208/500 (41.6%)
Progress: 210/500 (42.0%)
Progress: 212/500 (42.4%)
Progress: 214/500 (42.8%)
Progress: 216/500 (43.2%)
Progress: 218/500 (43.6%)
Progress: 220/500 (44.0%)
Progress: 222/500 (44.4%)
Progress: 224/500 (44.8%)
Progress: 226/500 (45.2%)
Progress: 228/500 (45.6%)
Progress: 230/500 (46.0%)
Progress: 232/500 (46.4%)
Progress: 234/500 (46.8%)
Progress: 236/500 (47.2%)
Progress: 238/500 (47.6%)
Progress: 240/500 (48.0%)
Progress: 242/500 (48.4%)
Progress: 244/500 (48.8%)
Progress: 246/500 (49.2%)
Progress: 248/500 (49.6%)
Progress: 250/500 (50.0%)
Progress: 252/500 (50.4%)
Progress: 254/500 (50.8%)
Progress: 256/500 (51.2%)
Progress: 258/500 (51.6%)
Progress: 260/500 (52.0%)
Progress: 262/500 (52.4%)
Progress: 264/500 (52.8%)
Progress: 266/500 (53.2%)
Progress: 268/500 (53.6%)
Progress: 270/500 (54.0%)
Progress: 272/500 (54.4%)
Progress: 274/500 (54.8%)
Progress: 276/500 (55.2%)
Progress: 278/500 (55.6%)
Progress: 280/500 (56.0%)
Progress: 282/500 (56.4%)
Progress: 284/500 (56.8%)
Progress: 286/500 (57.2%)
Progress: 288/500 (57.6%)
Progress: 290/500 (58.0%)
Progress: 292/500 (58.4%)
Progress: 294/500 (58.8%)
Progress: 296/500 (59.2%)
Progress: 298/500 (59.6%)
Progress: 300/500 (60.0%)
Progress: 302/500 (60.4%)
Progress: 304/500 (60.8%)
Progress: 306/500 (61.2%)
Progress: 308/500 (61.6%)
Progress: 310/500 (62.0%)
Progress: 312/500 (62.4%)
Progress: 314/500 (62.8%)
Progress: 316/500 (63.2%)
Progress: 318/500 (63.6%)
Progress: 320/500 (64.0%)
Progress: 322/500 (64.4%)
Progress: 324/500 (64.8%)
Progress: 326/500 (65.2%)
Progress: 328/500 (65.6%)
Progress: 330/500 (66.0%)
Progress: 332/500 (66.4%)
Progress: 334/500 (66.8%)
Progress: 336/500 (67.2%)
Progress: 338/500 (67.6%)
Progress: 340/500 (68.0%)
Progress: 342/500 (68.4%)
Progress: 344/500 (68.8%)
Progress: 346/500 (69.2%)
Progress: 348/500 (69.6%)
Progress: 350/500 (70.0%)
Progress: 352/500 (70.4%)
Progress: 354/500 (70.8%)
Progress: 356/500 (71.2%)
Progress: 358/500 (71.6%)
Progress: 360/500 (72.0%)
Progress: 362/500 (72.4%)
Progress: 364/500 (72.8%)
Progress: 366/500 (73.2%)
Progress: 368/500 (73.6%)
Progress: 370/500 (74.0%)
Progress: 372/500 (74.4%)
Progress: 374/500 (74.8%)
Progress: 376/500 (75.2%)
Progress: 378/500 (75.6%)
Progress: 380/500 (76.0%)
Progress: 382/500 (76.4%)
Progress: 384/500 (76.8%)
Progress: 386/500 (77.2%)
Progress: 388/500 (77.6%)
Progress: 390/500 (78.0%)
Progress: 392/500 (78.4%)
Progress: 394/500 (78.8%)
Progress: 396/500 (79.2%)
Progress: 398/500 (79.6%)
Progress: 400/500 (80.0%)
Progress: 402/500 (80.4%)
Progress: 404/500 (80.8%)
Progress: 406/500 (81.2%)
Progress: 408/500 (81.6%)
Progress: 410/500 (82.0%)
Progress: 412/500 (82.4%)
Progress: 414/500 (82.8%)
Progress: 416/500 (83.2%)
Progress: 418/500 (83.6%)
Progress: 420/500 (84.0%)
Progress: 422/500 (84.4%)
Progress: 424/500 (84.8%)
Progress: 426/500 (85.2%)
Progress: 428/500 (85.6%)
Progress: 430/500 (86.0%)
Progress: 432/500 (86.4%)
Progress: 434/500 (86.8%)
Progress: 436/500 (87.2%)
Progress: 438/500 (87.6%)
Progress: 440/500 (88.0%)
Progress: 442/500 (88.4%)
Progress: 444/500 (88.8%)
Progress: 446/500 (89.2%)
Progress: 448/500 (89.6%)
Progress: 450/500 (90.0%)
Progress: 452/500 (90.4%)
Progress: 454/500 (90.8%)
Progress: 456/500 (91.2%)
Progress: 458/500 (91.6%)
Progress: 460/500 (92.0%)
Progress: 462/500 (92.4%)
Progress: 464/500 (92.8%)
Progress: 466/500 (93.2%)
Progress: 468/500 (93.6%)
Progress: 470/500 (94.0%)
Progress: 472/500 (94.4%)
Progress: 474/500 (94.8%)
Progress: 476/500 (95.2%)
Progress: 478/500 (95.6%)
Progress: 480/500 (96.0%)
Progress: 482/500 (96.4%)
Progress: 484/500 (96.8%)
Progress: 486/500 (97.2%)
Progress: 488/500 (97.6%)
Progress: 490/500 (98.0%)
Progress: 492/500 (98.4%)
Progress: 494/500 (98.8%)
Progress: 496/500 (99.2%)
Progress: 498/500 (99.6%)
Progress: 500/500 (100.0%)
5.250000000e+09,0.000000e+00
Progress: 2/500 (0.4%)
Progress: 4/500 (0.8%)
Progress: 6/500 (1.2%)
Progress: 8/500 (1.6%)
Progress: 10/500 (2.0%)
Progress: 12/500 (2.4%)
Progress: 14/500 (2.8%)
Progress: 16/500 (3.2%)
Progress: 18/500 (3.6%)
Progress: 20/500 (4.0%)
Progress: 22/500 (4.4%)
Progress: 24/500 (4.8%)
Progress: 26/500 (5.2%)
Progress: 28/500 (5.6%)
Progress: 30/500 (6.0%)
Progress: 32/500 (6.4%)
Progress: 34/500 (6.8%)
Progress: 36/500 (7.2%)
Progress: 38/500 (7.6%)
Progress: 40/500 (8.0%)
Progress: 42/500 (8.4%)
Progress: 44/500 (8.8%)
Progress: 46/500 (9.2%)
Progress: 48/500 (9.6%)
Progress: 50/500 (10.0%)
Progress: 52/500 (10.4%)
Progress: 54/500 (10.8%)
Progress: 56/500 (11.2%)
Progress: 58/500 (11.6%)
Progress: 60/500 (12.0%)
Progress: 62/500 (12.4%)
Progress: 64/500 (12.8%)
Progress: 66/500 (13.2%)
Progress: 68/500 (13.6%)
Progress: 70/500 (14.0%)
Progress: 72/500 (14.4%)
Progress: 74/500 (14.8%)
Progress: 76/500 (15.2%)
Progress: 78/500 (15.6%)
Progress: 80/500 (16.0%)
Progress: 82/500 (16.4%)
Progress: 84/500 (16.8%)
Progress: 86/500 (17.2%)
Progress: 88/500 (17.6%)
Progress: 90/500 (18.0%)
Progress: 92/500 (18.4%)
Progress: 94/500 (18.8%)
Progress: 96/500 (19.2%)
Progress: 98/500 (19.6%)
Progress: 100/500 (20.0%)
Progress: 102/500 (20.4%)
Progress: 104/500 (20.8%)
Progress: 106/500 (21.2%)
Progress: 108/500 (21.6%)
Progress: 110/500 (22.0%)
Progress: 112/500 (22.4%)
Progress: 114/500 (22.8%)
Progress: 116/500 (23.2%)
Progress: 118/500 (23.6%)
Progress: 120/500 (24.0%)
Progress: 122/500 (24.4%)
Progress: 124/500 (24.8%)
Progress: 126/500 (25.2%)
Progress: 128/500 (25.6%)
Progress: 130/500 (26.0%)
Progress: 132/500 (26.4%)
Progress: 134/500 (26.8%)
Progress: 136/500 (27.2%)
Progress: 138/500 (27.6%)
Progress: 140/500 (28.0%)
Progress: 142/500 (28.4%)
Progress: 144/500 (28.8%)
Progress: 146/500 (29.2%)
Progress: 148/500 (29.6%)
Progress: 150/500 (30.0%)
Progress: 152/500 (30.4%)
Progress: 154/500 (30.8%)
Progress: 156/500 (31.2%)
Progress: 158/500 (31.6%)
Progress: 160/500 (32.0%)
Progress: 162/500 (32.4%)
Progress: 164/500 (32.8%)
Progress: 166/500 (33.2%)
Progress: 168/500 (33.6%)
Progress: 170/500 (34.0%)
Progress: 172/500 (34.4%)
Progress: 174/500 (34.8%)
Progress: 176/500 (35.2%)
Progress: 178/500 (35.6%)
Progress: 180/500 (36.0%)
Progress: 182/500 (36.4%)
Progress: 184/500 (36.8%)
Progress: 186/500 (37.2%)
Progress: 188/500 (37.6%)
Progress: 190/500 (38.0%)
Progress: 192/500 (38.4%)
Progress: 194/500 (38.8%)
Progress: 196/500 (39.2%)
Progress: 198/500 (39.6%)
Progress: 200/500 (40.0%)
Progress: 202/500 (40.4%)
Progress: 204/500 (40.8%)
Progress: 206/500 (41.2%)
PWrote sweep_s21.csv (5 points)
rogress: 208/500 (41.6%)
Progress: 210/500 (42.0%)
Progress: 212/500 (42.4%)
Progress: 214/500 (42.8%)
Progress: 216/500 (43.2%)
Progress: 218/500 (43.6%)
Progress: 220/500 (44.0%)
Progress: 222/500 (44.4%)
Progress: 224/500 (44.8%)
Progress: 226/500 (45.2%)
Progress: 228/500 (45.6%)
Progress: 230/500 (46.0%)
Progress: 232/500 (46.4%)
Progress: 234/500 (46.8%)
Progress: 236/500 (47.2%)
Progress: 238/500 (47.6%)
Progress: 240/500 (48.0%)
Progress: 242/500 (48.4%)
Progress: 244/500 (48.8%)
Progress: 246/500 (49.2%)
Progress: 248/500 (49.6%)
Progress: 250/500 (50.0%)
Progress: 252/500 (50.4%)
Progress: 254/500 (50.8%)
Progress: 256/500 (51.2%)
Progress: 258/500 (51.6%)
Progress: 260/500 (52.0%)
Progress: 262/500 (52.4%)
Progress: 264/500 (52.8%)
Progress: 266/500 (53.2%)
Progress: 268/500 (53.6%)
Progress: 270/500 (54.0%)
Progress: 272/500 (54.4%)
Progress: 274/500 (54.8%)
Progress: 276/500 (55.2%)
Progress: 278/500 (55.6%)
Progress: 280/500 (56.0%)
Progress: 282/500 (56.4%)
Progress: 284/500 (56.8%)
Progress: 286/500 (57.2%)
Progress: 288/500 (57.6%)
Progress: 290/500 (58.0%)
Progress: 292/500 (58.4%)
Progress: 294/500 (58.8%)
Progress: 296/500 (59.2%)
Progress: 298/500 (59.6%)
Progress: 300/500 (60.0%)
Progress: 302/500 (60.4%)
Progress: 304/500 (60.8%)
Progress: 306/500 (61.2%)
Progress: 308/500 (61.6%)
Progress: 310/500 (62.0%)
Progress: 312/500 (62.4%)
Progress: 314/500 (62.8%)
Progress: 316/500 (63.2%)
Progress: 318/500 (63.6%)
Progress: 320/500 (64.0%)
Progress: 322/500 (64.4%)
Progress: 324/500 (64.8%)
Progress: 326/500 (65.2%)
Progress: 328/500 (65.6%)
Progress: 330/500 (66.0%)
Progress: 332/500 (66.4%)
Progress: 334/500 (66.8%)
Progress: 336/500 (67.2%)
Progress: 338/500 (67.6%)
Progress: 340/500 (68.0%)
Progress: 342/500 (68.4%)
Progress: 344/500 (68.8%)
Progress: 346/500 (69.2%)
Progress: 348/500 (69.6%)
Progress: 350/500 (70.0%)
Progress: 352/500 (70.4%)
Progress: 354/500 (70.8%)
Progress: 356/500 (71.2%)
Progress: 358/500 (71.6%)
Progress: 360/500 (72.0%)
Progress: 362/500 (72.4%)
Progress: 364/500 (72.8%)
Progress: 366/500 (73.2%)
Progress: 368/500 (73.6%)
Progress: 370/500 (74.0%)
Progress: 372/500 (74.4%)
Progress: 374/500 (74.8%)
Progress: 376/500 (75.2%)
Progress: 378/500 (75.6%)
Progress: 380/500 (76.0%)
Progress: 382/500 (76.4%)
Progress: 384/500 (76.8%)
Progress: 386/500 (77.2%)
Progress: 388/500 (77.6%)
Progress: 390/500 (78.0%)
Progress: 392/500 (78.4%)
Progress: 394/500 (78.8%)
Progress: 396/500 (79.2%)
Progress: 398/500 (79.6%)
Progress: 400/500 (80.0%)
Progress: 402/500 (80.4%)
Progress: 404/500 (80.8%)
Progress: 406/500 (81.2%)
Progress: 408/500 (81.6%)
Progress: 410/500 (82.0%)
Progress: 412/500 (82.4%)
Progress: 414/500 (82.8%)
Progress: 416/500 (83.2%)
Progress: 418/500 (83.6%)
Progress: 420/500 (84.0%)
Progress: 422/500 (84.4%)
Progress: 424/500 (84.8%)
Progress: 426/500 (85.2%)
Progress: 428/500 (85.6%)
Progress: 430/500 (86.0%)
Progress: 432/500 (86.4%)
Progress: 434/500 (86.8%)
Progress: 436/500 (87.2%)
Progress: 438/500 (87.6%)
Progress: 440/500 (88.0%)
Progress: 442/500 (88.4%)
Progress: 444/500 (88.8%)
Progress: 446/500 (89.2%)
Progress: 448/500 (89.6%)
Progress: 450/500 (90.0%)
Progress: 452/500 (90.4%)
Progress: 454/500 (90.8%)
Progress: 456/500 (91.2%)
Progress: 458/500 (91.6%)
Progress: 460/500 (92.0%)
Progress: 462/500 (92.4%)
Progress: 464/500 (92.8%)
Progress: 466/500 (93.2%)
Progress: 468/500 (93.6%)
Progress: 470/500 (94.0%)
Progress: 472/500 (94.4%)
Progress: 474/500 (94.8%)
Progress: 476/500 (95.2%)
Progress: 478/500 (95.6%)
Progress: 480/500 (96.0%)
Progress: 482/500 (96.4%)
Progress: 484/500 (96.8%)
Progress: 486/500 (97.2%)
Progress: 488/500 (97.6%)
Progress: 490/500 (98.0%)
Progress: 492/500 (98.4%)
Progress: 494/500 (98.8%)
Progress: 496/500 (99.2%)
Progress: 498/500 (99.6%)
Progress: 500/500 (100.0%)
6.000000000e+09,0.000000e+00
<end of output>
Test time =   1.88 sec
----------------------------------------------------------
Test Pass Reason:
Required regular expression found. Regex=[# freq_Hz,s21_mag]
"emwave_cli_sweep_smoke" end time: Nov 20 03:28 Turkey Standard Time
"emwave_cli_sweep_smoke" time elapsed: 00:00:01
----------------------------------------------------------

3/7 Testing: config_loader_tests
3/7 Test: config_loader_tests
Command: "C:/projects/emwave-c/build-imgui/tests/unit/Release/config_loader_tests.exe"
Directory: C:/projects/emwave-c/build-imgui/tests/unit
"config_loader_tests" start time: Nov 20 03:28 Turkey Standard Time
Output:
----------------------------------------------------------
Config file C:/projects/emwave-c/configs/invalid_config.json must contain a JSON object
<end of output>
Test time =   0.19 sec
----------------------------------------------------------
Test Passed.
"config_loader_tests" end time: Nov 20 03:28 Turkey Standard Time
"config_loader_tests" time elapsed: 00:00:00
----------------------------------------------------------

4/7 Testing: fdtd_core_tests
4/7 Test: fdtd_core_tests
Command: "C:/projects/emwave-c/build-imgui/tests/unit/Release/fdtd_core_tests.exe"
Directory: C:/projects/emwave-c/build-imgui/tests/unit
"fdtd_core_tests" start time: Nov 20 03:28 Turkey Standard Time
Output:
----------------------------------------------------------
Failed to allocate SimulationState
Failed to allocate simulation grids
Warning: Failed to allocate port 0 buffers
Failed to initialize simulation ports
Warning: Failed to allocate port 0 buffers
Failed to initialize simulation ports
<end of output>
Test time =   0.08 sec
----------------------------------------------------------
Test Passed.
"fdtd_core_tests" end time: Nov 20 03:28 Turkey Standard Time
"fdtd_core_tests" time elapsed: 00:00:00
----------------------------------------------------------

5/7 Testing: analysis_tests
5/7 Test: analysis_tests
Command: "C:/projects/emwave-c/build-imgui/tests/unit/Release/analysis_tests.exe"
Directory: C:/projects/emwave-c/build-imgui/tests/unit
"analysis_tests" start time: Nov 20 03:28 Turkey Standard Time
Output:
----------------------------------------------------------
Warning: Failed to allocate scope buffer
Warning: Failed to allocate port 0 buffers
Warning: grid too small for port initialization (1 x 1)
<end of output>
Test time =   0.08 sec
----------------------------------------------------------
Test Passed.
"analysis_tests" end time: Nov 20 03:28 Turkey Standard Time
"analysis_tests" time elapsed: 00:00:00
----------------------------------------------------------

6/7 Testing: config_runtime_tests
6/7 Test: config_runtime_tests
Command: "C:/projects/emwave-c/build-imgui/tests/unit/Release/config_runtime_tests.exe"
Directory: C:/projects/emwave-c/build-imgui/tests/unit
"config_runtime_tests" start time: Nov 20 03:28 Turkey Standard Time
Output:
----------------------------------------------------------
<end of output>
Test time =   0.06 sec
----------------------------------------------------------
Test Passed.
"config_runtime_tests" end time: Nov 20 03:28 Turkey Standard Time
"config_runtime_tests" time elapsed: 00:00:00
----------------------------------------------------------

7/7 Testing: material_library_tests
7/7 Test: material_library_tests
Command: "C:/projects/emwave-c/build-imgui/tests/unit/Release/material_library_tests.exe"
Directory: C:/projects/emwave-c/build-imgui/tests/unit
"material_library_tests" start time: Nov 20 03:28 Turkey Standard Time
Output:
----------------------------------------------------------
Running material library tests...
✓ Material library initialized
✓ Get material by name: FR4
✓ Get material by ID: Copper
✓ Category filtering: 4 metals found
All tests passed!
<end of output>
Test time =   0.08 sec
----------------------------------------------------------
Test Passed.
"material_library_tests" end time: Nov 20 03:28 Turkey Standard Time
"material_library_tests" time elapsed: 00:00:00
----------------------------------------------------------

End testing: Nov 20 03:28 Turkey Standard Time
